{"/Users/ryan/dev/courses/FEW21/StringLib/src/index.js": {"path":"/Users/ryan/dev/courses/FEW21/StringLib/src/index.js","statementMap":{"0":{"start":{"line":2,"column":2},"end":{"line":2,"column":34}},"1":{"start":{"line":4,"column":2},"end":{"line":4,"column":45}},"2":{"start":{"line":6,"column":0},"end":{"line":8,"column":2}},"3":{"start":{"line":7,"column":2},"end":{"line":7,"column":26}},"4":{"start":{"line":12,"column":2},"end":{"line":12,"column":27}},"5":{"start":{"line":14,"column":0},"end":{"line":16,"column":2}},"6":{"start":{"line":15,"column":2},"end":{"line":15,"column":23}},"7":{"start":{"line":19,"column":2},"end":{"line":19,"column":39}},"8":{"start":{"line":21,"column":2},"end":{"line":21,"column":18}},"9":{"start":{"line":23,"column":2},"end":{"line":23,"column":17}},"10":{"start":{"line":25,"column":15},"end":{"line":27,"column":4}},"11":{"start":{"line":26,"column":4},"end":{"line":26,"column":28}},"12":{"start":{"line":28,"column":2},"end":{"line":28,"column":26}},"13":{"start":{"line":30,"column":0},"end":{"line":32,"column":2}},"14":{"start":{"line":31,"column":2},"end":{"line":31,"column":31}},"15":{"start":{"line":35,"column":2},"end":{"line":35,"column":41}},"16":{"start":{"line":37,"column":18},"end":{"line":37,"column":28}},"17":{"start":{"line":39,"column":16},"end":{"line":39,"column":34}},"18":{"start":{"line":41,"column":17},"end":{"line":41,"column":46}},"19":{"start":{"line":41,"column":37},"end":{"line":41,"column":45}},"20":{"start":{"line":42,"column":2},"end":{"line":42,"column":26}},"21":{"start":{"line":44,"column":0},"end":{"line":46,"column":2}},"22":{"start":{"line":45,"column":2},"end":{"line":45,"column":33}},"23":{"start":{"line":50,"column":2},"end":{"line":50,"column":33}},"24":{"start":{"line":52,"column":16},"end":{"line":52,"column":30}},"25":{"start":{"line":54,"column":2},"end":{"line":54,"column":25}},"26":{"start":{"line":56,"column":0},"end":{"line":58,"column":2}},"27":{"start":{"line":57,"column":2},"end":{"line":57,"column":25}},"28":{"start":{"line":61,"column":2},"end":{"line":61,"column":33}},"29":{"start":{"line":63,"column":2},"end":{"line":63,"column":29}},"30":{"start":{"line":65,"column":0},"end":{"line":67,"column":2}},"31":{"start":{"line":66,"column":2},"end":{"line":66,"column":25}},"32":{"start":{"line":70,"column":2},"end":{"line":70,"column":33}},"33":{"start":{"line":72,"column":16},"end":{"line":72,"column":36}},"34":{"start":{"line":74,"column":16},"end":{"line":74,"column":32}},"35":{"start":{"line":75,"column":2},"end":{"line":75,"column":36}},"36":{"start":{"line":77,"column":17},"end":{"line":77,"column":31}},"37":{"start":{"line":78,"column":2},"end":{"line":78,"column":16}},"38":{"start":{"line":80,"column":0},"end":{"line":82,"column":2}},"39":{"start":{"line":81,"column":2},"end":{"line":81,"column":25}},"40":{"start":{"line":85,"column":2},"end":{"line":85,"column":29}},"41":{"start":{"line":87,"column":16},"end":{"line":87,"column":22}},"42":{"start":{"line":89,"column":16},"end":{"line":89,"column":28}},"43":{"start":{"line":91,"column":17},"end":{"line":91,"column":30}},"44":{"start":{"line":92,"column":2},"end":{"line":92,"column":16}},"45":{"start":{"line":94,"column":0},"end":{"line":96,"column":2}},"46":{"start":{"line":95,"column":2},"end":{"line":95,"column":21}},"47":{"start":{"line":99,"column":2},"end":{"line":99,"column":35}},"48":{"start":{"line":101,"column":18},"end":{"line":101,"column":49}},"49":{"start":{"line":103,"column":17},"end":{"line":103,"column":33}},"50":{"start":{"line":105,"column":2},"end":{"line":105,"column":22}},"51":{"start":{"line":107,"column":0},"end":{"line":109,"column":2}},"52":{"start":{"line":108,"column":2},"end":{"line":108,"column":27}},"53":{"start":{"line":112,"column":2},"end":{"line":112,"column":31}},"54":{"start":{"line":113,"column":18},"end":{"line":113,"column":28}},"55":{"start":{"line":114,"column":2},"end":{"line":118,"column":3}},"56":{"start":{"line":115,"column":4},"end":{"line":115,"column":16}},"57":{"start":{"line":117,"column":4},"end":{"line":117,"column":17}},"58":{"start":{"line":120,"column":0},"end":{"line":122,"column":2}},"59":{"start":{"line":121,"column":2},"end":{"line":121,"column":23}},"60":{"start":{"line":124,"column":0},"end":{"line":135,"column":2}}},"fnMap":{"0":{"name":"capitalize","decl":{"start":{"line":1,"column":9},"end":{"line":1,"column":19}},"loc":{"start":{"line":1,"column":25},"end":{"line":5,"column":1}},"line":1},"1":{"name":"(anonymous_1)","decl":{"start":{"line":6,"column":30},"end":{"line":6,"column":31}},"loc":{"start":{"line":6,"column":42},"end":{"line":8,"column":1}},"line":6},"2":{"name":"allCaps","decl":{"start":{"line":10,"column":9},"end":{"line":10,"column":16}},"loc":{"start":{"line":10,"column":22},"end":{"line":13,"column":1}},"line":10},"3":{"name":"(anonymous_3)","decl":{"start":{"line":14,"column":27},"end":{"line":14,"column":28}},"loc":{"start":{"line":14,"column":39},"end":{"line":16,"column":1}},"line":14},"4":{"name":"capitalizeWords","decl":{"start":{"line":18,"column":9},"end":{"line":18,"column":24}},"loc":{"start":{"line":18,"column":30},"end":{"line":29,"column":1}},"line":18},"5":{"name":"(anonymous_5)","decl":{"start":{"line":25,"column":34},"end":{"line":25,"column":35}},"loc":{"start":{"line":25,"column":50},"end":{"line":27,"column":3}},"line":25},"6":{"name":"(anonymous_6)","decl":{"start":{"line":30,"column":35},"end":{"line":30,"column":36}},"loc":{"start":{"line":30,"column":47},"end":{"line":32,"column":1}},"line":30},"7":{"name":"removeExtraSpaces","decl":{"start":{"line":34,"column":9},"end":{"line":34,"column":26}},"loc":{"start":{"line":34,"column":32},"end":{"line":43,"column":1}},"line":34},"8":{"name":"(anonymous_8)","decl":{"start":{"line":41,"column":30},"end":{"line":41,"column":31}},"loc":{"start":{"line":41,"column":37},"end":{"line":41,"column":45}},"line":41},"9":{"name":"(anonymous_9)","decl":{"start":{"line":44,"column":37},"end":{"line":44,"column":38}},"loc":{"start":{"line":44,"column":49},"end":{"line":46,"column":1}},"line":44},"10":{"name":"kebabCase","decl":{"start":{"line":49,"column":9},"end":{"line":49,"column":18}},"loc":{"start":{"line":49,"column":35},"end":{"line":55,"column":1}},"line":49},"11":{"name":"(anonymous_11)","decl":{"start":{"line":56,"column":29},"end":{"line":56,"column":30}},"loc":{"start":{"line":56,"column":41},"end":{"line":58,"column":1}},"line":56},"12":{"name":"snakeCase","decl":{"start":{"line":60,"column":9},"end":{"line":60,"column":18}},"loc":{"start":{"line":60,"column":24},"end":{"line":64,"column":1}},"line":60},"13":{"name":"(anonymous_13)","decl":{"start":{"line":65,"column":29},"end":{"line":65,"column":30}},"loc":{"start":{"line":65,"column":41},"end":{"line":67,"column":1}},"line":65},"14":{"name":"camelCase","decl":{"start":{"line":69,"column":9},"end":{"line":69,"column":18}},"loc":{"start":{"line":69,"column":24},"end":{"line":79,"column":1}},"line":69},"15":{"name":"(anonymous_15)","decl":{"start":{"line":80,"column":29},"end":{"line":80,"column":30}},"loc":{"start":{"line":80,"column":41},"end":{"line":82,"column":1}},"line":80},"16":{"name":"shift","decl":{"start":{"line":84,"column":9},"end":{"line":84,"column":14}},"loc":{"start":{"line":84,"column":20},"end":{"line":93,"column":1}},"line":84},"17":{"name":"(anonymous_17)","decl":{"start":{"line":94,"column":25},"end":{"line":94,"column":26}},"loc":{"start":{"line":94,"column":37},"end":{"line":96,"column":1}},"line":94},"18":{"name":"makeHashTag","decl":{"start":{"line":98,"column":9},"end":{"line":98,"column":20}},"loc":{"start":{"line":98,"column":26},"end":{"line":106,"column":1}},"line":98},"19":{"name":"(anonymous_19)","decl":{"start":{"line":107,"column":31},"end":{"line":107,"column":32}},"loc":{"start":{"line":107,"column":43},"end":{"line":109,"column":1}},"line":107},"20":{"name":"isEmpty","decl":{"start":{"line":111,"column":9},"end":{"line":111,"column":16}},"loc":{"start":{"line":111,"column":22},"end":{"line":119,"column":1}},"line":111},"21":{"name":"(anonymous_21)","decl":{"start":{"line":120,"column":27},"end":{"line":120,"column":28}},"loc":{"start":{"line":120,"column":39},"end":{"line":122,"column":1}},"line":120}},"branchMap":{"0":{"loc":{"start":{"line":49,"column":24},"end":{"line":49,"column":33}},"type":"default-arg","locations":[{"start":{"line":49,"column":30},"end":{"line":49,"column":33}}],"line":49},"1":{"loc":{"start":{"line":114,"column":2},"end":{"line":118,"column":3}},"type":"if","locations":[{"start":{"line":114,"column":2},"end":{"line":118,"column":3}},{"start":{"line":114,"column":2},"end":{"line":118,"column":3}}],"line":114}},"s":{"0":25,"1":25,"2":1,"3":0,"4":4,"5":1,"6":0,"7":8,"8":8,"9":8,"10":8,"11":14,"12":8,"13":1,"14":0,"15":2,"16":2,"17":2,"18":2,"19":3,"20":2,"21":1,"22":0,"23":6,"24":6,"25":6,"26":1,"27":0,"28":3,"29":3,"30":1,"31":0,"32":3,"33":3,"34":3,"35":3,"36":3,"37":3,"38":1,"39":0,"40":2,"41":2,"42":2,"43":2,"44":2,"45":1,"46":0,"47":2,"48":2,"49":2,"50":2,"51":1,"52":0,"53":2,"54":2,"55":2,"56":1,"57":1,"58":1,"59":0,"60":1},"f":{"0":25,"1":0,"2":4,"3":0,"4":8,"5":14,"6":0,"7":2,"8":3,"9":0,"10":6,"11":0,"12":3,"13":0,"14":3,"15":0,"16":2,"17":0,"18":2,"19":0,"20":2,"21":0},"b":{"0":[3],"1":[1,1]},"_coverageSchema":"1a1c01bbd47fc00a2c39e90264f33305004495a9","hash":"86963e44aa64df29d5609063346c00937e579b51"}
}
