TN:
SF:src/index.js
FN:1,capitalize
FN:6,(anonymous_1)
FN:10,allCaps
FN:14,(anonymous_3)
FN:18,capitalizeWords
FN:25,(anonymous_5)
FN:30,(anonymous_6)
FN:34,removeExtraSpaces
FN:41,(anonymous_8)
FN:44,(anonymous_9)
FN:49,kebabCase
FN:56,(anonymous_11)
FN:60,snakeCase
FN:65,(anonymous_13)
FN:69,camelCase
FN:80,(anonymous_15)
FN:84,shift
FN:94,(anonymous_17)
FN:98,makeHashTag
FN:107,(anonymous_19)
FN:111,isEmpty
FN:120,(anonymous_21)
FNF:22
FNH:12
FNDA:25,capitalize
FNDA:0,(anonymous_1)
FNDA:4,allCaps
FNDA:0,(anonymous_3)
FNDA:8,capitalizeWords
FNDA:14,(anonymous_5)
FNDA:0,(anonymous_6)
FNDA:2,removeExtraSpaces
FNDA:3,(anonymous_8)
FNDA:0,(anonymous_9)
FNDA:6,kebabCase
FNDA:0,(anonymous_11)
FNDA:3,snakeCase
FNDA:0,(anonymous_13)
FNDA:3,camelCase
FNDA:0,(anonymous_15)
FNDA:2,shift
FNDA:0,(anonymous_17)
FNDA:2,makeHashTag
FNDA:0,(anonymous_19)
FNDA:2,isEmpty
FNDA:0,(anonymous_21)
DA:2,25
DA:4,25
DA:6,1
DA:7,0
DA:12,4
DA:14,1
DA:15,0
DA:19,8
DA:21,8
DA:23,8
DA:25,8
DA:26,14
DA:28,8
DA:30,1
DA:31,0
DA:35,2
DA:37,2
DA:39,2
DA:41,3
DA:42,2
DA:44,1
DA:45,0
DA:50,6
DA:52,6
DA:54,6
DA:56,1
DA:57,0
DA:61,3
DA:63,3
DA:65,1
DA:66,0
DA:70,3
DA:72,3
DA:74,3
DA:75,3
DA:77,3
DA:78,3
DA:80,1
DA:81,0
DA:85,2
DA:87,2
DA:89,2
DA:91,2
DA:92,2
DA:94,1
DA:95,0
DA:99,2
DA:101,2
DA:103,2
DA:105,2
DA:107,1
DA:108,0
DA:112,2
DA:113,2
DA:114,2
DA:115,1
DA:117,1
DA:120,1
DA:121,0
DA:124,1
LF:60
LH:50
BRDA:49,0,0,3
BRDA:114,1,0,1
BRDA:114,1,1,1
BRF:3
BRH:3
end_of_record
